2020-04-11 14:15:42.098[main][main] INFO  o.s.b.t.c.SpringBootTestContextBootstrapper - Neither @ContextConfiguration nor @ContextHierarchy found for test class [com.example.mybatisannotationdemo.mapper.MessageMapperTest], using SpringBootContextLoader
2020-04-11 14:15:42.150[main][main] INFO  o.s.t.c.s.AbstractContextLoader - Could not detect default resource locations for test class [com.example.mybatisannotationdemo.mapper.MessageMapperTest]: no resource found for suffixes {-context.xml, Context.groovy}.
2020-04-11 14:15:42.152[main][main] INFO  o.s.t.c.s.AnnotationConfigContextLoaderUtils - Could not detect default configuration classes for test class [com.example.mybatisannotationdemo.mapper.MessageMapperTest]: MessageMapperTest does not declare any static, non-private, non-final, nested classes annotated with @Configuration.
2020-04-11 14:15:42.447[main][main] INFO  o.s.b.t.c.SpringBootTestContextBootstrapper - Found @SpringBootConfiguration com.example.mybatisannotationdemo.MybatisAnnotationDemoApplication for test class com.example.mybatisannotationdemo.mapper.MessageMapperTest
2020-04-11 14:15:42.659[main][main] INFO  o.s.b.t.c.SpringBootTestContextBootstrapper - Loaded default TestExecutionListener class names from location [META-INF/spring.factories]: [org.springframework.boot.test.mock.mockito.MockitoTestExecutionListener, org.springframework.boot.test.mock.mockito.ResetMocksTestExecutionListener, org.springframework.boot.test.autoconfigure.restdocs.RestDocsTestExecutionListener, org.springframework.boot.test.autoconfigure.web.client.MockRestServiceServerResetTestExecutionListener, org.springframework.boot.test.autoconfigure.web.servlet.MockMvcPrintOnlyOnFailureTestExecutionListener, org.springframework.boot.test.autoconfigure.web.servlet.WebDriverTestExecutionListener, org.springframework.test.context.web.ServletTestExecutionListener, org.springframework.test.context.support.DirtiesContextBeforeModesTestExecutionListener, org.springframework.test.context.support.DependencyInjectionTestExecutionListener, org.springframework.test.context.support.DirtiesContextTestExecutionListener, org.springframework.test.context.transaction.TransactionalTestExecutionListener, org.springframework.test.context.jdbc.SqlScriptsTestExecutionListener, org.springframework.test.context.event.EventPublishingTestExecutionListener]
2020-04-11 14:15:42.690[main][main] INFO  o.s.b.t.c.SpringBootTestContextBootstrapper - Using TestExecutionListeners: [org.springframework.test.context.support.DirtiesContextBeforeModesTestExecutionListener@4721d212, org.springframework.boot.test.mock.mockito.MockitoTestExecutionListener@1b065145, org.springframework.boot.test.autoconfigure.SpringBootDependencyInjectionTestExecutionListener@45cff11c, org.springframework.test.context.support.DirtiesContextTestExecutionListener@207ea13, org.springframework.test.context.transaction.TransactionalTestExecutionListener@4bff1903, org.springframework.test.context.jdbc.SqlScriptsTestExecutionListener@62dae540, org.springframework.test.context.event.EventPublishingTestExecutionListener@5827af16, org.springframework.boot.test.mock.mockito.ResetMocksTestExecutionListener@654d8173, org.springframework.boot.test.autoconfigure.restdocs.RestDocsTestExecutionListener@56c9bbd8, org.springframework.boot.test.autoconfigure.web.client.MockRestServiceServerResetTestExecutionListener@630cb4a4, org.springframework.boot.test.autoconfigure.web.servlet.MockMvcPrintOnlyOnFailureTestExecutionListener@636e8cc, org.springframework.boot.test.autoconfigure.web.servlet.WebDriverTestExecutionListener@f79a760]
2020-04-11 14:15:43.225[main][main] INFO  c.e.m.mapper.MessageMapperTest - Starting MessageMapperTest on DESKTOP-914F8O2 with PID 14952 (started by Lenovo in E:\dev\charpter07\mybatis-annotation-demo)
2020-04-11 14:15:43.226[main][main] INFO  c.e.m.mapper.MessageMapperTest - No active profile set, falling back to default profiles: default
2020-04-11 14:15:43.653[main][main] DEBUG org.apache.ibatis.logging.LogFactory - Logging initialized using 'class org.apache.ibatis.logging.slf4j.Slf4jImpl' adapter.
2020-04-11 14:15:44.555[main][main] INFO  c.e.m.mapper.MessageMapperTest - Started MessageMapperTest in 1.782 seconds (JVM running for 4.386)
2020-04-11 14:15:44.884[main][main] INFO  com.zaxxer.hikari.HikariDataSource - HikariPool-1 - Starting...
2020-04-11 14:15:45.716[main][main] INFO  com.zaxxer.hikari.HikariDataSource - HikariPool-1 - Start completed.
2020-04-11 14:15:45.761[main][main] INFO  c.e.m.mapper.MessageMapperTest - 插入的数据条数： 1
2020-04-11 14:15:45.848[main][main] INFO  c.e.m.mapper.MessageMapperTest - 插入的数据条数： 2
2020-04-11 14:15:45.878[main][main] INFO  c.e.m.mapper.MessageMapperTest - 查询的数据： Message(msgId=5, msgText=笔记本, msgSummary=学习)
2020-04-11 14:15:45.879[main][main] INFO  c.e.m.mapper.MessageMapperTest - 查询的数据： Message(msgId=6, msgText=笔记本, msgSummary=学习)
2020-04-11 14:15:45.879[main][main] INFO  c.e.m.mapper.MessageMapperTest - 查询的数据： Message(msgId=7, msgText=开学, msgSummary=学习)
2020-04-11 14:15:45.880[main][main] INFO  c.e.m.mapper.MessageMapperTest - 查询的数据： Message(msgId=8, msgText=niit, msgSummary=学校)
2020-04-11 14:15:45.880[main][main] INFO  c.e.m.mapper.MessageMapperTest - 查询的数据： Message(msgId=9, msgText=apple, msgSummary=水果)
2020-04-11 14:15:45.880[main][main] INFO  c.e.m.mapper.MessageMapperTest - 查询的数据： Message(msgId=10, msgText=orange, msgSummary=水果)
2020-04-11 14:15:45.891[main][main] INFO  c.e.m.mapper.MessageMapperTest - 更新的数据条数： 0
2020-04-11 14:15:45.905[main][main] INFO  c.e.m.mapper.MessageMapperTest - 更新Text的数据条数： 0
2020-04-11 14:15:45.936[main][main] INFO  c.e.m.mapper.MessageMapperTest - id为1的数据： null
2020-04-11 14:15:45.942[main][main] INFO  c.e.m.mapper.MessageMapperTest - 删除的数据条数： 0
2020-04-11 14:15:45.957[main][main] INFO  c.e.m.mapper.MessageMapperTest - count ---- , 2
2020-04-11 14:15:45.971[main][main] INFO  c.e.m.mapper.MessageMapperTest - Message(msgId=9, msgText=apple, msgSummary=水果)
2020-04-11 14:15:45.985[main][main] INFO  c.e.m.mapper.MessageMapperTest - page = Page(currentPage=0, totalPage=1, totalNumber=2, datas=[Message(msgId=9, msgText=apple, msgSummary=水果), Message(msgId=10, msgText=orange, msgSummary=水果)])
2020-04-11 14:15:46.007[SpringContextShutdownHook][SpringContextShutdownHook] INFO  com.zaxxer.hikari.HikariDataSource - HikariPool-1 - Shutdown initiated...
2020-04-11 14:15:46.027[SpringContextShutdownHook][SpringContextShutdownHook] INFO  com.zaxxer.hikari.HikariDataSource - HikariPool-1 - Shutdown completed.
2020-04-11 14:17:12.908[main][main] INFO  o.s.b.t.c.SpringBootTestContextBootstrapper - Neither @ContextConfiguration nor @ContextHierarchy found for test class [com.example.mybatisannotationdemo.mapper.MessageMapperTest], using SpringBootContextLoader
2020-04-11 14:17:12.919[main][main] INFO  o.s.t.c.s.AbstractContextLoader - Could not detect default resource locations for test class [com.example.mybatisannotationdemo.mapper.MessageMapperTest]: no resource found for suffixes {-context.xml, Context.groovy}.
2020-04-11 14:17:12.920[main][main] INFO  o.s.t.c.s.AnnotationConfigContextLoaderUtils - Could not detect default configuration classes for test class [com.example.mybatisannotationdemo.mapper.MessageMapperTest]: MessageMapperTest does not declare any static, non-private, non-final, nested classes annotated with @Configuration.
2020-04-11 14:17:13.059[main][main] INFO  o.s.b.t.c.SpringBootTestContextBootstrapper - Found @SpringBootConfiguration com.example.mybatisannotationdemo.MybatisAnnotationDemoApplication for test class com.example.mybatisannotationdemo.mapper.MessageMapperTest
2020-04-11 14:17:13.221[main][main] INFO  o.s.b.t.c.SpringBootTestContextBootstrapper - Loaded default TestExecutionListener class names from location [META-INF/spring.factories]: [org.springframework.boot.test.mock.mockito.MockitoTestExecutionListener, org.springframework.boot.test.mock.mockito.ResetMocksTestExecutionListener, org.springframework.boot.test.autoconfigure.restdocs.RestDocsTestExecutionListener, org.springframework.boot.test.autoconfigure.web.client.MockRestServiceServerResetTestExecutionListener, org.springframework.boot.test.autoconfigure.web.servlet.MockMvcPrintOnlyOnFailureTestExecutionListener, org.springframework.boot.test.autoconfigure.web.servlet.WebDriverTestExecutionListener, org.springframework.test.context.web.ServletTestExecutionListener, org.springframework.test.context.support.DirtiesContextBeforeModesTestExecutionListener, org.springframework.test.context.support.DependencyInjectionTestExecutionListener, org.springframework.test.context.support.DirtiesContextTestExecutionListener, org.springframework.test.context.transaction.TransactionalTestExecutionListener, org.springframework.test.context.jdbc.SqlScriptsTestExecutionListener, org.springframework.test.context.event.EventPublishingTestExecutionListener]
2020-04-11 14:17:13.235[main][main] INFO  o.s.b.t.c.SpringBootTestContextBootstrapper - Using TestExecutionListeners: [org.springframework.test.context.support.DirtiesContextBeforeModesTestExecutionListener@3a62c01e, org.springframework.boot.test.mock.mockito.MockitoTestExecutionListener@7a8fa663, org.springframework.boot.test.autoconfigure.SpringBootDependencyInjectionTestExecutionListener@5ce33a58, org.springframework.test.context.support.DirtiesContextTestExecutionListener@78a287ed, org.springframework.test.context.transaction.TransactionalTestExecutionListener@546ccad7, org.springframework.test.context.jdbc.SqlScriptsTestExecutionListener@5357c287, org.springframework.test.context.event.EventPublishingTestExecutionListener@1623134f, org.springframework.boot.test.mock.mockito.ResetMocksTestExecutionListener@7a527389, org.springframework.boot.test.autoconfigure.restdocs.RestDocsTestExecutionListener@485a3466, org.springframework.boot.test.autoconfigure.web.client.MockRestServiceServerResetTestExecutionListener@25748410, org.springframework.boot.test.autoconfigure.web.servlet.MockMvcPrintOnlyOnFailureTestExecutionListener@2b43529a, org.springframework.boot.test.autoconfigure.web.servlet.WebDriverTestExecutionListener@4264b240]
2020-04-11 14:17:13.681[main][main] INFO  c.e.m.mapper.MessageMapperTest - Starting MessageMapperTest on DESKTOP-914F8O2 with PID 21792 (started by Lenovo in E:\dev\charpter07\mybatis-annotation-demo)
2020-04-11 14:17:13.686[main][main] INFO  c.e.m.mapper.MessageMapperTest - No active profile set, falling back to default profiles: default
2020-04-11 14:17:14.290[main][main] DEBUG org.apache.ibatis.logging.LogFactory - Logging initialized using 'class org.apache.ibatis.logging.slf4j.Slf4jImpl' adapter.
2020-04-11 14:17:14.963[main][main] INFO  c.e.m.mapper.MessageMapperTest - Started MessageMapperTest in 1.688 seconds (JVM running for 3.162)
2020-04-11 14:17:15.323[main][main] INFO  com.zaxxer.hikari.HikariDataSource - HikariPool-1 - Starting...
2020-04-11 14:17:16.253[main][main] INFO  com.zaxxer.hikari.HikariDataSource - HikariPool-1 - Start completed.
2020-04-11 14:17:16.325[main][main] INFO  c.e.m.mapper.MessageMapperTest - 插入的数据条数： 1
2020-04-11 14:17:16.401[main][main] INFO  c.e.m.mapper.MessageMapperTest - 插入的数据条数： 2
2020-04-11 14:17:16.452[main][main] INFO  c.e.m.mapper.MessageMapperTest - 查询的数据： Message(msgId=1, msgText=niit, msgSummary=学校)
2020-04-11 14:17:16.453[main][main] INFO  c.e.m.mapper.MessageMapperTest - 查询的数据： Message(msgId=2, msgText=apple, msgSummary=水果)
2020-04-11 14:17:16.456[main][main] INFO  c.e.m.mapper.MessageMapperTest - 查询的数据： Message(msgId=3, msgText=orange, msgSummary=水果)
2020-04-11 14:17:16.486[main][main] INFO  c.e.m.mapper.MessageMapperTest - 更新的数据条数： 1
2020-04-11 14:17:16.513[main][main] INFO  c.e.m.mapper.MessageMapperTest - 更新Text的数据条数： 1
2020-04-11 14:17:16.529[main][main] INFO  c.e.m.mapper.MessageMapperTest - id为1的数据： Message(msgId=1, msgText=computer, msgSummary=学校)
2020-04-11 14:17:16.547[main][main] INFO  c.e.m.mapper.MessageMapperTest - 删除的数据条数： 1
2020-04-11 14:17:16.570[main][main] INFO  c.e.m.mapper.MessageMapperTest - count ---- , 2
2020-04-11 14:17:16.598[main][main] INFO  c.e.m.mapper.MessageMapperTest - page = Page(currentPage=0, totalPage=1, totalNumber=2, datas=[Message(msgId=2, msgText=computer, msgSummary=水果), Message(msgId=3, msgText=orange, msgSummary=水果)])
2020-04-11 14:17:16.623[SpringContextShutdownHook][SpringContextShutdownHook] INFO  com.zaxxer.hikari.HikariDataSource - HikariPool-1 - Shutdown initiated...
2020-04-11 14:17:16.687[SpringContextShutdownHook][SpringContextShutdownHook] INFO  com.zaxxer.hikari.HikariDataSource - HikariPool-1 - Shutdown completed.
2020-04-11 14:31:18.311[main][main] INFO  o.s.b.t.c.SpringBootTestContextBootstrapper - Neither @ContextConfiguration nor @ContextHierarchy found for test class [com.example.mybatisannotationdemo.mapper.MessageMapperTest], using SpringBootContextLoader
2020-04-11 14:31:18.323[main][main] INFO  o.s.t.c.s.AbstractContextLoader - Could not detect default resource locations for test class [com.example.mybatisannotationdemo.mapper.MessageMapperTest]: no resource found for suffixes {-context.xml, Context.groovy}.
2020-04-11 14:31:18.325[main][main] INFO  o.s.t.c.s.AnnotationConfigContextLoaderUtils - Could not detect default configuration classes for test class [com.example.mybatisannotationdemo.mapper.MessageMapperTest]: MessageMapperTest does not declare any static, non-private, non-final, nested classes annotated with @Configuration.
2020-04-11 14:31:18.499[main][main] INFO  o.s.b.t.c.SpringBootTestContextBootstrapper - Found @SpringBootConfiguration com.example.mybatisannotationdemo.MybatisAnnotationDemoApplication for test class com.example.mybatisannotationdemo.mapper.MessageMapperTest
2020-04-11 14:31:18.656[main][main] INFO  o.s.b.t.c.SpringBootTestContextBootstrapper - Loaded default TestExecutionListener class names from location [META-INF/spring.factories]: [org.springframework.boot.test.mock.mockito.MockitoTestExecutionListener, org.springframework.boot.test.mock.mockito.ResetMocksTestExecutionListener, org.springframework.boot.test.autoconfigure.restdocs.RestDocsTestExecutionListener, org.springframework.boot.test.autoconfigure.web.client.MockRestServiceServerResetTestExecutionListener, org.springframework.boot.test.autoconfigure.web.servlet.MockMvcPrintOnlyOnFailureTestExecutionListener, org.springframework.boot.test.autoconfigure.web.servlet.WebDriverTestExecutionListener, org.springframework.test.context.web.ServletTestExecutionListener, org.springframework.test.context.support.DirtiesContextBeforeModesTestExecutionListener, org.springframework.test.context.support.DependencyInjectionTestExecutionListener, org.springframework.test.context.support.DirtiesContextTestExecutionListener, org.springframework.test.context.transaction.TransactionalTestExecutionListener, org.springframework.test.context.jdbc.SqlScriptsTestExecutionListener, org.springframework.test.context.event.EventPublishingTestExecutionListener]
2020-04-11 14:31:18.674[main][main] INFO  o.s.b.t.c.SpringBootTestContextBootstrapper - Using TestExecutionListeners: [org.springframework.test.context.support.DirtiesContextBeforeModesTestExecutionListener@3a62c01e, org.springframework.boot.test.mock.mockito.MockitoTestExecutionListener@7a8fa663, org.springframework.boot.test.autoconfigure.SpringBootDependencyInjectionTestExecutionListener@5ce33a58, org.springframework.test.context.support.DirtiesContextTestExecutionListener@78a287ed, org.springframework.test.context.transaction.TransactionalTestExecutionListener@546ccad7, org.springframework.test.context.jdbc.SqlScriptsTestExecutionListener@5357c287, org.springframework.test.context.event.EventPublishingTestExecutionListener@1623134f, org.springframework.boot.test.mock.mockito.ResetMocksTestExecutionListener@7a527389, org.springframework.boot.test.autoconfigure.restdocs.RestDocsTestExecutionListener@485a3466, org.springframework.boot.test.autoconfigure.web.client.MockRestServiceServerResetTestExecutionListener@25748410, org.springframework.boot.test.autoconfigure.web.servlet.MockMvcPrintOnlyOnFailureTestExecutionListener@2b43529a, org.springframework.boot.test.autoconfigure.web.servlet.WebDriverTestExecutionListener@4264b240]
2020-04-11 14:31:19.007[main][main] INFO  c.e.m.mapper.MessageMapperTest - Starting MessageMapperTest on DESKTOP-914F8O2 with PID 5956 (started by Lenovo in E:\dev\charpter07\mybatis-annotation-demo)
2020-04-11 14:31:19.008[main][main] INFO  c.e.m.mapper.MessageMapperTest - No active profile set, falling back to default profiles: default
2020-04-11 14:31:19.459[main][main] DEBUG org.apache.ibatis.logging.LogFactory - Logging initialized using 'class org.apache.ibatis.logging.slf4j.Slf4jImpl' adapter.
2020-04-11 14:31:20.141[main][main] INFO  c.e.m.mapper.MessageMapperTest - Started MessageMapperTest in 1.428 seconds (JVM running for 2.969)
2020-04-11 14:31:20.463[main][main] INFO  com.zaxxer.hikari.HikariDataSource - HikariPool-1 - Starting...
2020-04-11 14:31:21.242[main][main] INFO  com.zaxxer.hikari.HikariDataSource - HikariPool-1 - Start completed.
2020-04-11 14:31:21.284[main][main] INFO  c.e.m.mapper.MessageMapperTest - 插入的数据条数： 1
2020-04-11 14:31:21.378[main][main] INFO  c.e.m.mapper.MessageMapperTest - 插入的数据条数： 2
2020-04-11 14:31:21.428[main][main] INFO  c.e.m.mapper.MessageMapperTest - 查询的数据： Message(msgId=2, msgText=computer, msgSummary=水果)
2020-04-11 14:31:21.428[main][main] INFO  c.e.m.mapper.MessageMapperTest - 查询的数据： Message(msgId=3, msgText=orange, msgSummary=水果)
2020-04-11 14:31:21.429[main][main] INFO  c.e.m.mapper.MessageMapperTest - 查询的数据： Message(msgId=4, msgText=niit, msgSummary=学校)
2020-04-11 14:31:21.429[main][main] INFO  c.e.m.mapper.MessageMapperTest - 查询的数据： Message(msgId=5, msgText=apple, msgSummary=水果)
2020-04-11 14:31:21.429[main][main] INFO  c.e.m.mapper.MessageMapperTest - 查询的数据： Message(msgId=6, msgText=orange, msgSummary=水果)
2020-04-11 14:31:21.441[main][main] INFO  c.e.m.mapper.MessageMapperTest - 更新的数据条数： 0
2020-04-11 14:31:21.448[main][main] INFO  c.e.m.mapper.MessageMapperTest - 更新Text的数据条数： 1
2020-04-11 14:31:21.469[main][main] INFO  c.e.m.mapper.MessageMapperTest - id为1的数据： null
2020-04-11 14:31:21.475[main][main] INFO  c.e.m.mapper.MessageMapperTest - 删除的数据条数： 0
2020-04-11 14:31:21.489[main][main] INFO  c.e.m.mapper.MessageMapperTest - count ---- , 4
2020-04-11 14:31:21.497[main][main] INFO  c.e.m.mapper.MessageMapperTest - Message(msgId=5, msgText=apple, msgSummary=水果)
2020-04-11 14:31:21.509[main][main] INFO  c.e.m.mapper.MessageMapperTest - page = Page(currentPage=0, totalPage=2, totalNumber=4, datas=[Message(msgId=2, msgText=computer, msgSummary=水果), Message(msgId=3, msgText=orange, msgSummary=水果), Message(msgId=5, msgText=apple, msgSummary=水果)])
2020-04-11 14:31:21.530[SpringContextShutdownHook][SpringContextShutdownHook] INFO  com.zaxxer.hikari.HikariDataSource - HikariPool-1 - Shutdown initiated...
2020-04-11 14:31:21.557[SpringContextShutdownHook][SpringContextShutdownHook] INFO  com.zaxxer.hikari.HikariDataSource - HikariPool-1 - Shutdown completed.
2020-04-11 14:35:52.702[main][main] INFO  o.s.b.t.c.SpringBootTestContextBootstrapper - Neither @ContextConfiguration nor @ContextHierarchy found for test class [com.example.mybatisannotationdemo.mapper.MessageMapperTest], using SpringBootContextLoader
2020-04-11 14:35:52.709[main][main] INFO  o.s.t.c.s.AbstractContextLoader - Could not detect default resource locations for test class [com.example.mybatisannotationdemo.mapper.MessageMapperTest]: no resource found for suffixes {-context.xml, Context.groovy}.
2020-04-11 14:35:52.710[main][main] INFO  o.s.t.c.s.AnnotationConfigContextLoaderUtils - Could not detect default configuration classes for test class [com.example.mybatisannotationdemo.mapper.MessageMapperTest]: MessageMapperTest does not declare any static, non-private, non-final, nested classes annotated with @Configuration.
2020-04-11 14:35:52.844[main][main] INFO  o.s.b.t.c.SpringBootTestContextBootstrapper - Found @SpringBootConfiguration com.example.mybatisannotationdemo.MybatisAnnotationDemoApplication for test class com.example.mybatisannotationdemo.mapper.MessageMapperTest
2020-04-11 14:35:52.992[main][main] INFO  o.s.b.t.c.SpringBootTestContextBootstrapper - Loaded default TestExecutionListener class names from location [META-INF/spring.factories]: [org.springframework.boot.test.mock.mockito.MockitoTestExecutionListener, org.springframework.boot.test.mock.mockito.ResetMocksTestExecutionListener, org.springframework.boot.test.autoconfigure.restdocs.RestDocsTestExecutionListener, org.springframework.boot.test.autoconfigure.web.client.MockRestServiceServerResetTestExecutionListener, org.springframework.boot.test.autoconfigure.web.servlet.MockMvcPrintOnlyOnFailureTestExecutionListener, org.springframework.boot.test.autoconfigure.web.servlet.WebDriverTestExecutionListener, org.springframework.test.context.web.ServletTestExecutionListener, org.springframework.test.context.support.DirtiesContextBeforeModesTestExecutionListener, org.springframework.test.context.support.DependencyInjectionTestExecutionListener, org.springframework.test.context.support.DirtiesContextTestExecutionListener, org.springframework.test.context.transaction.TransactionalTestExecutionListener, org.springframework.test.context.jdbc.SqlScriptsTestExecutionListener, org.springframework.test.context.event.EventPublishingTestExecutionListener]
2020-04-11 14:35:53.012[main][main] INFO  o.s.b.t.c.SpringBootTestContextBootstrapper - Using TestExecutionListeners: [org.springframework.test.context.support.DirtiesContextBeforeModesTestExecutionListener@3a62c01e, org.springframework.boot.test.mock.mockito.MockitoTestExecutionListener@7a8fa663, org.springframework.boot.test.autoconfigure.SpringBootDependencyInjectionTestExecutionListener@5ce33a58, org.springframework.test.context.support.DirtiesContextTestExecutionListener@78a287ed, org.springframework.test.context.transaction.TransactionalTestExecutionListener@546ccad7, org.springframework.test.context.jdbc.SqlScriptsTestExecutionListener@5357c287, org.springframework.test.context.event.EventPublishingTestExecutionListener@1623134f, org.springframework.boot.test.mock.mockito.ResetMocksTestExecutionListener@7a527389, org.springframework.boot.test.autoconfigure.restdocs.RestDocsTestExecutionListener@485a3466, org.springframework.boot.test.autoconfigure.web.client.MockRestServiceServerResetTestExecutionListener@25748410, org.springframework.boot.test.autoconfigure.web.servlet.MockMvcPrintOnlyOnFailureTestExecutionListener@2b43529a, org.springframework.boot.test.autoconfigure.web.servlet.WebDriverTestExecutionListener@4264b240]
2020-04-11 14:35:53.395[main][main] INFO  c.e.m.mapper.MessageMapperTest - Starting MessageMapperTest on DESKTOP-914F8O2 with PID 21172 (started by Lenovo in E:\dev\charpter07\mybatis-annotation-demo)
2020-04-11 14:35:53.396[main][main] DEBUG c.e.m.mapper.MessageMapperTest - Running with Spring Boot v2.2.6.RELEASE, Spring v5.2.5.RELEASE
2020-04-11 14:35:53.396[main][main] INFO  c.e.m.mapper.MessageMapperTest - No active profile set, falling back to default profiles: default
2020-04-11 14:35:53.883[main][main] DEBUG org.apache.ibatis.logging.LogFactory - Logging initialized using 'class org.apache.ibatis.logging.slf4j.Slf4jImpl' adapter.
2020-04-11 14:35:54.571[main][main] INFO  c.e.m.mapper.MessageMapperTest - Started MessageMapperTest in 1.508 seconds (JVM running for 3.002)
2020-04-11 14:35:54.966[main][main] INFO  com.zaxxer.hikari.HikariDataSource - HikariPool-1 - Starting...
2020-04-11 14:35:55.803[main][main] INFO  com.zaxxer.hikari.HikariDataSource - HikariPool-1 - Start completed.
2020-04-11 14:35:55.817[main][main] DEBUG c.e.m.mapper.MessageMapper.insert - ==>  Preparing: insert into message(msg_text, msg_summary) values(?, ?) 
2020-04-11 14:35:55.857[main][main] DEBUG c.e.m.mapper.MessageMapper.insert - ==> Parameters: niit(String), 学校(String)
2020-04-11 14:35:55.870[main][main] DEBUG c.e.m.mapper.MessageMapper.insert - <==    Updates: 1
2020-04-11 14:35:55.874[main][main] INFO  c.e.m.mapper.MessageMapperTest - 插入的数据条数： 1
2020-04-11 14:35:55.969[main][main] DEBUG c.e.m.m.MessageMapper.batchInsert - ==>  Preparing: insert into message(msg_text, msg_summary) values (?, ?) , (?, ?) 
2020-04-11 14:35:55.970[main][main] DEBUG c.e.m.m.MessageMapper.batchInsert - ==> Parameters: apple(String), 水果(String), orange(String), 水果(String)
2020-04-11 14:35:55.985[main][main] DEBUG c.e.m.m.MessageMapper.batchInsert - <==    Updates: 2
2020-04-11 14:35:55.985[main][main] INFO  c.e.m.mapper.MessageMapperTest - 插入的数据条数： 2
2020-04-11 14:35:55.996[main][main] DEBUG c.e.m.mapper.MessageMapper.selectAll - ==>  Preparing: select * from message 
2020-04-11 14:35:55.996[main][main] DEBUG c.e.m.mapper.MessageMapper.selectAll - ==> Parameters: 
2020-04-11 14:35:56.041[main][main] DEBUG c.e.m.mapper.MessageMapper.selectAll - <==      Total: 8
2020-04-11 14:35:56.048[main][main] INFO  c.e.m.mapper.MessageMapperTest - 查询的数据： Message(msgId=2, msgText=computer, msgSummary=水果)
2020-04-11 14:35:56.048[main][main] INFO  c.e.m.mapper.MessageMapperTest - 查询的数据： Message(msgId=3, msgText=orange, msgSummary=水果)
2020-04-11 14:35:56.048[main][main] INFO  c.e.m.mapper.MessageMapperTest - 查询的数据： Message(msgId=4, msgText=niit, msgSummary=学校)
2020-04-11 14:35:56.049[main][main] INFO  c.e.m.mapper.MessageMapperTest - 查询的数据： Message(msgId=5, msgText=apple, msgSummary=水果)
2020-04-11 14:35:56.049[main][main] INFO  c.e.m.mapper.MessageMapperTest - 查询的数据： Message(msgId=6, msgText=orange, msgSummary=水果)
2020-04-11 14:35:56.049[main][main] INFO  c.e.m.mapper.MessageMapperTest - 查询的数据： Message(msgId=7, msgText=niit, msgSummary=学校)
2020-04-11 14:35:56.049[main][main] INFO  c.e.m.mapper.MessageMapperTest - 查询的数据： Message(msgId=8, msgText=apple, msgSummary=水果)
2020-04-11 14:35:56.049[main][main] INFO  c.e.m.mapper.MessageMapperTest - 查询的数据： Message(msgId=9, msgText=orange, msgSummary=水果)
2020-04-11 14:35:56.056[main][main] DEBUG c.e.m.mapper.MessageMapper.update - ==>  Preparing: update message SET msg_text=?, msg_summary=? where msg_id=? 
2020-04-11 14:35:56.057[main][main] DEBUG c.e.m.mapper.MessageMapper.update - ==> Parameters: computer(String), 学校(String), 1(Integer)
2020-04-11 14:35:56.058[main][main] DEBUG c.e.m.mapper.MessageMapper.update - <==    Updates: 0
2020-04-11 14:35:56.059[main][main] INFO  c.e.m.mapper.MessageMapperTest - 更新的数据条数： 0
2020-04-11 14:35:56.062[main][main] DEBUG c.e.m.m.MessageMapper.updateText - ==>  Preparing: update message SET msg_text=? where msg_id=? 
2020-04-11 14:35:56.063[main][main] DEBUG c.e.m.m.MessageMapper.updateText - ==> Parameters: computer(String), 2(Integer)
2020-04-11 14:35:56.064[main][main] DEBUG c.e.m.m.MessageMapper.updateText - <==    Updates: 1
2020-04-11 14:35:56.064[main][main] INFO  c.e.m.mapper.MessageMapperTest - 更新Text的数据条数： 1
2020-04-11 14:35:56.071[main][main] DEBUG c.e.m.m.MessageMapper.selectById - ==>  Preparing: select * from message where msg_id=? 
2020-04-11 14:35:56.071[main][main] DEBUG c.e.m.m.MessageMapper.selectById - ==> Parameters: 1(Integer)
2020-04-11 14:35:56.075[main][main] DEBUG c.e.m.m.MessageMapper.selectById - <==      Total: 0
2020-04-11 14:35:56.077[main][main] INFO  c.e.m.mapper.MessageMapperTest - id为1的数据： null
2020-04-11 14:35:56.082[main][main] DEBUG c.e.m.mapper.MessageMapper.delete - ==>  Preparing: delete from message where msg_id=? 
2020-04-11 14:35:56.082[main][main] DEBUG c.e.m.mapper.MessageMapper.delete - ==> Parameters: 1(Integer)
2020-04-11 14:35:56.084[main][main] DEBUG c.e.m.mapper.MessageMapper.delete - <==    Updates: 0
2020-04-11 14:35:56.084[main][main] INFO  c.e.m.mapper.MessageMapperTest - 删除的数据条数： 0
2020-04-11 14:35:56.100[main][main] DEBUG c.e.m.mapper.MessageMapper.getCount - ==>  Preparing: SELECT count(1) FROM message WHERE (msg_summary=?) 
2020-04-11 14:35:56.100[main][main] DEBUG c.e.m.mapper.MessageMapper.getCount - ==> Parameters: 水果(String)
2020-04-11 14:35:56.101[main][main] DEBUG c.e.m.mapper.MessageMapper.getCount - <==      Total: 1
2020-04-11 14:35:56.102[main][main] INFO  c.e.m.mapper.MessageMapperTest - count ---- , 6
2020-04-11 14:35:56.112[main][main] DEBUG c.e.m.m.M.selectByTextAndSummary - ==>  Preparing: select * from message where msg_text=? or msg_summary=? 
2020-04-11 14:35:56.113[main][main] DEBUG c.e.m.m.M.selectByTextAndSummary - ==> Parameters: apple(String), 院系(String)
2020-04-11 14:35:56.116[main][main] DEBUG c.e.m.m.M.selectByTextAndSummary - <==      Total: 2
2020-04-11 14:35:56.117[main][main] INFO  c.e.m.mapper.MessageMapperTest - Message(msgId=5, msgText=apple, msgSummary=水果)
2020-04-11 14:35:56.117[main][main] INFO  c.e.m.mapper.MessageMapperTest - Message(msgId=8, msgText=apple, msgSummary=水果)
2020-04-11 14:35:56.126[main][main] DEBUG c.e.m.m.MessageMapper.selectMessages - ==>  Preparing: SELECT * FROM message WHERE (1=1 AND msg_summary=?) ORDER BY msg_id LIMIT 3 OFFSET 0 
2020-04-11 14:35:56.127[main][main] DEBUG c.e.m.m.MessageMapper.selectMessages - ==> Parameters: 水果(String)
2020-04-11 14:35:56.129[main][main] DEBUG c.e.m.m.MessageMapper.selectMessages - <==      Total: 3
2020-04-11 14:35:56.130[main][main] DEBUG c.e.m.mapper.MessageMapper.getCount - ==>  Preparing: SELECT count(1) FROM message WHERE (msg_summary=?) 
2020-04-11 14:35:56.130[main][main] DEBUG c.e.m.mapper.MessageMapper.getCount - ==> Parameters: 水果(String)
2020-04-11 14:35:56.131[main][main] DEBUG c.e.m.mapper.MessageMapper.getCount - <==      Total: 1
2020-04-11 14:35:56.132[main][main] INFO  c.e.m.mapper.MessageMapperTest - page = Page(currentPage=0, totalPage=2, totalNumber=6, datas=[Message(msgId=2, msgText=computer, msgSummary=水果), Message(msgId=3, msgText=orange, msgSummary=水果), Message(msgId=5, msgText=apple, msgSummary=水果)])
2020-04-11 14:35:56.151[SpringContextShutdownHook][SpringContextShutdownHook] INFO  com.zaxxer.hikari.HikariDataSource - HikariPool-1 - Shutdown initiated...
2020-04-11 14:35:56.184[SpringContextShutdownHook][SpringContextShutdownHook] INFO  com.zaxxer.hikari.HikariDataSource - HikariPool-1 - Shutdown completed.
2020-04-11 14:36:46.400[main][main] INFO  o.s.b.t.c.SpringBootTestContextBootstrapper - Neither @ContextConfiguration nor @ContextHierarchy found for test class [com.example.mybatisannotationdemo.mapper.MessageMapperTest], using SpringBootContextLoader
2020-04-11 14:36:46.409[main][main] INFO  o.s.t.c.s.AbstractContextLoader - Could not detect default resource locations for test class [com.example.mybatisannotationdemo.mapper.MessageMapperTest]: no resource found for suffixes {-context.xml, Context.groovy}.
2020-04-11 14:36:46.410[main][main] INFO  o.s.t.c.s.AnnotationConfigContextLoaderUtils - Could not detect default configuration classes for test class [com.example.mybatisannotationdemo.mapper.MessageMapperTest]: MessageMapperTest does not declare any static, non-private, non-final, nested classes annotated with @Configuration.
2020-04-11 14:36:46.531[main][main] INFO  o.s.b.t.c.SpringBootTestContextBootstrapper - Found @SpringBootConfiguration com.example.mybatisannotationdemo.MybatisAnnotationDemoApplication for test class com.example.mybatisannotationdemo.mapper.MessageMapperTest
2020-04-11 14:36:46.653[main][main] INFO  o.s.b.t.c.SpringBootTestContextBootstrapper - Loaded default TestExecutionListener class names from location [META-INF/spring.factories]: [org.springframework.boot.test.mock.mockito.MockitoTestExecutionListener, org.springframework.boot.test.mock.mockito.ResetMocksTestExecutionListener, org.springframework.boot.test.autoconfigure.restdocs.RestDocsTestExecutionListener, org.springframework.boot.test.autoconfigure.web.client.MockRestServiceServerResetTestExecutionListener, org.springframework.boot.test.autoconfigure.web.servlet.MockMvcPrintOnlyOnFailureTestExecutionListener, org.springframework.boot.test.autoconfigure.web.servlet.WebDriverTestExecutionListener, org.springframework.test.context.web.ServletTestExecutionListener, org.springframework.test.context.support.DirtiesContextBeforeModesTestExecutionListener, org.springframework.test.context.support.DependencyInjectionTestExecutionListener, org.springframework.test.context.support.DirtiesContextTestExecutionListener, org.springframework.test.context.transaction.TransactionalTestExecutionListener, org.springframework.test.context.jdbc.SqlScriptsTestExecutionListener, org.springframework.test.context.event.EventPublishingTestExecutionListener]
2020-04-11 14:36:46.673[main][main] INFO  o.s.b.t.c.SpringBootTestContextBootstrapper - Using TestExecutionListeners: [org.springframework.test.context.support.DirtiesContextBeforeModesTestExecutionListener@4721d212, org.springframework.boot.test.mock.mockito.MockitoTestExecutionListener@1b065145, org.springframework.boot.test.autoconfigure.SpringBootDependencyInjectionTestExecutionListener@45cff11c, org.springframework.test.context.support.DirtiesContextTestExecutionListener@207ea13, org.springframework.test.context.transaction.TransactionalTestExecutionListener@4bff1903, org.springframework.test.context.jdbc.SqlScriptsTestExecutionListener@62dae540, org.springframework.test.context.event.EventPublishingTestExecutionListener@5827af16, org.springframework.boot.test.mock.mockito.ResetMocksTestExecutionListener@654d8173, org.springframework.boot.test.autoconfigure.restdocs.RestDocsTestExecutionListener@56c9bbd8, org.springframework.boot.test.autoconfigure.web.client.MockRestServiceServerResetTestExecutionListener@630cb4a4, org.springframework.boot.test.autoconfigure.web.servlet.MockMvcPrintOnlyOnFailureTestExecutionListener@636e8cc, org.springframework.boot.test.autoconfigure.web.servlet.WebDriverTestExecutionListener@f79a760]
2020-04-11 14:36:47.066[main][main] INFO  c.e.m.mapper.MessageMapperTest - Starting MessageMapperTest on DESKTOP-914F8O2 with PID 9916 (started by Lenovo in E:\dev\charpter07\mybatis-annotation-demo)
2020-04-11 14:36:47.066[main][main] DEBUG c.e.m.mapper.MessageMapperTest - Running with Spring Boot v2.2.6.RELEASE, Spring v5.2.5.RELEASE
2020-04-11 14:36:47.067[main][main] INFO  c.e.m.mapper.MessageMapperTest - No active profile set, falling back to default profiles: default
2020-04-11 14:36:47.681[main][main] DEBUG org.apache.ibatis.logging.LogFactory - Logging initialized using 'class org.apache.ibatis.logging.slf4j.Slf4jImpl' adapter.
2020-04-11 14:36:48.388[main][main] INFO  c.e.m.mapper.MessageMapperTest - Started MessageMapperTest in 1.663 seconds (JVM running for 3.014)
2020-04-11 14:36:48.806[main][main] INFO  com.zaxxer.hikari.HikariDataSource - HikariPool-1 - Starting...
2020-04-11 14:36:49.654[main][main] INFO  com.zaxxer.hikari.HikariDataSource - HikariPool-1 - Start completed.
2020-04-11 14:36:49.666[main][main] DEBUG c.e.m.mapper.MessageMapper.insert - ==>  Preparing: insert into message(msg_text, msg_summary) values(?, ?) 
2020-04-11 14:36:49.706[main][main] DEBUG c.e.m.mapper.MessageMapper.insert - ==> Parameters: niit(String), 学校(String)
2020-04-11 14:36:49.719[main][main] DEBUG c.e.m.mapper.MessageMapper.insert - <==    Updates: 1
2020-04-11 14:36:49.721[main][main] INFO  c.e.m.mapper.MessageMapperTest - 插入的数据条数： 1
2020-04-11 14:36:49.783[main][main] DEBUG c.e.m.m.MessageMapper.batchInsert - ==>  Preparing: insert into message(msg_text, msg_summary) values (?, ?) , (?, ?) 
2020-04-11 14:36:49.784[main][main] DEBUG c.e.m.m.MessageMapper.batchInsert - ==> Parameters: apple(String), 水果(String), orange(String), 水果(String)
2020-04-11 14:36:49.795[main][main] DEBUG c.e.m.m.MessageMapper.batchInsert - <==    Updates: 2
2020-04-11 14:36:49.796[main][main] INFO  c.e.m.mapper.MessageMapperTest - 插入的数据条数： 2
2020-04-11 14:36:49.805[main][main] DEBUG c.e.m.mapper.MessageMapper.selectAll - ==>  Preparing: select * from message 
2020-04-11 14:36:49.805[main][main] DEBUG c.e.m.mapper.MessageMapper.selectAll - ==> Parameters: 
2020-04-11 14:36:49.852[main][main] DEBUG c.e.m.mapper.MessageMapper.selectAll - <==      Total: 3
2020-04-11 14:36:49.858[main][main] INFO  c.e.m.mapper.MessageMapperTest - 查询的数据： Message(msgId=1, msgText=niit, msgSummary=学校)
2020-04-11 14:36:49.859[main][main] INFO  c.e.m.mapper.MessageMapperTest - 查询的数据： Message(msgId=2, msgText=apple, msgSummary=水果)
2020-04-11 14:36:49.861[main][main] INFO  c.e.m.mapper.MessageMapperTest - 查询的数据： Message(msgId=3, msgText=orange, msgSummary=水果)
2020-04-11 14:36:49.873[main][main] DEBUG c.e.m.mapper.MessageMapper.update - ==>  Preparing: update message SET msg_text=?, msg_summary=? where msg_id=? 
2020-04-11 14:36:49.874[main][main] DEBUG c.e.m.mapper.MessageMapper.update - ==> Parameters: computer(String), 学校(String), 1(Integer)
2020-04-11 14:36:49.884[main][main] DEBUG c.e.m.mapper.MessageMapper.update - <==    Updates: 1
2020-04-11 14:36:49.884[main][main] INFO  c.e.m.mapper.MessageMapperTest - 更新的数据条数： 1
2020-04-11 14:36:49.889[main][main] DEBUG c.e.m.m.MessageMapper.updateText - ==>  Preparing: update message SET msg_text=? where msg_id=? 
2020-04-11 14:36:49.890[main][main] DEBUG c.e.m.m.MessageMapper.updateText - ==> Parameters: computer(String), 2(Integer)
2020-04-11 14:36:49.901[main][main] DEBUG c.e.m.m.MessageMapper.updateText - <==    Updates: 1
2020-04-11 14:36:49.902[main][main] INFO  c.e.m.mapper.MessageMapperTest - 更新Text的数据条数： 1
2020-04-11 14:36:49.908[main][main] DEBUG c.e.m.m.MessageMapper.selectById - ==>  Preparing: select * from message where msg_id=? 
2020-04-11 14:36:49.908[main][main] DEBUG c.e.m.m.MessageMapper.selectById - ==> Parameters: 1(Integer)
2020-04-11 14:36:49.910[main][main] DEBUG c.e.m.m.MessageMapper.selectById - <==      Total: 1
2020-04-11 14:36:49.917[main][main] INFO  c.e.m.mapper.MessageMapperTest - id为1的数据： Message(msgId=1, msgText=computer, msgSummary=学校)
2020-04-11 14:36:49.923[main][main] DEBUG c.e.m.mapper.MessageMapper.delete - ==>  Preparing: delete from message where msg_id=? 
2020-04-11 14:36:49.924[main][main] DEBUG c.e.m.mapper.MessageMapper.delete - ==> Parameters: 1(Integer)
2020-04-11 14:36:49.935[main][main] DEBUG c.e.m.mapper.MessageMapper.delete - <==    Updates: 1
2020-04-11 14:36:49.936[main][main] INFO  c.e.m.mapper.MessageMapperTest - 删除的数据条数： 1
2020-04-11 14:36:49.944[main][main] DEBUG c.e.m.mapper.MessageMapper.getCount - ==>  Preparing: SELECT count(1) FROM message WHERE (msg_summary=?) 
2020-04-11 14:36:49.947[main][main] DEBUG c.e.m.mapper.MessageMapper.getCount - ==> Parameters: 水果(String)
2020-04-11 14:36:49.948[main][main] DEBUG c.e.m.mapper.MessageMapper.getCount - <==      Total: 1
2020-04-11 14:36:49.948[main][main] INFO  c.e.m.mapper.MessageMapperTest - count ---- , 2
2020-04-11 14:36:49.952[main][main] DEBUG c.e.m.m.M.selectByTextAndSummary - ==>  Preparing: select * from message where msg_text=? or msg_summary=? 
2020-04-11 14:36:49.953[main][main] DEBUG c.e.m.m.M.selectByTextAndSummary - ==> Parameters: apple(String), 院系(String)
2020-04-11 14:36:49.954[main][main] DEBUG c.e.m.m.M.selectByTextAndSummary - <==      Total: 0
2020-04-11 14:36:49.960[main][main] DEBUG c.e.m.m.MessageMapper.selectMessages - ==>  Preparing: SELECT * FROM message WHERE (1=1 AND msg_summary=?) ORDER BY msg_id LIMIT 3 OFFSET 0 
2020-04-11 14:36:49.960[main][main] DEBUG c.e.m.m.MessageMapper.selectMessages - ==> Parameters: 水果(String)
2020-04-11 14:36:49.967[main][main] DEBUG c.e.m.m.MessageMapper.selectMessages - <==      Total: 2
2020-04-11 14:36:49.968[main][main] DEBUG c.e.m.mapper.MessageMapper.getCount - ==>  Preparing: SELECT count(1) FROM message WHERE (msg_summary=?) 
2020-04-11 14:36:49.969[main][main] DEBUG c.e.m.mapper.MessageMapper.getCount - ==> Parameters: 水果(String)
2020-04-11 14:36:49.971[main][main] DEBUG c.e.m.mapper.MessageMapper.getCount - <==      Total: 1
2020-04-11 14:36:49.971[main][main] INFO  c.e.m.mapper.MessageMapperTest - page = Page(currentPage=0, totalPage=1, totalNumber=2, datas=[Message(msgId=2, msgText=computer, msgSummary=水果), Message(msgId=3, msgText=orange, msgSummary=水果)])
2020-04-11 14:36:49.992[SpringContextShutdownHook][SpringContextShutdownHook] INFO  com.zaxxer.hikari.HikariDataSource - HikariPool-1 - Shutdown initiated...
2020-04-11 14:36:50.050[SpringContextShutdownHook][SpringContextShutdownHook] INFO  com.zaxxer.hikari.HikariDataSource - HikariPool-1 - Shutdown completed.
2020-04-11 14:37:13.389[main][main] INFO  o.s.b.t.c.SpringBootTestContextBootstrapper - Neither @ContextConfiguration nor @ContextHierarchy found for test class [com.example.mybatisannotationdemo.mapper.MessageMapperTest], using SpringBootContextLoader
2020-04-11 14:37:13.395[main][main] INFO  o.s.t.c.s.AbstractContextLoader - Could not detect default resource locations for test class [com.example.mybatisannotationdemo.mapper.MessageMapperTest]: no resource found for suffixes {-context.xml, Context.groovy}.
2020-04-11 14:37:13.396[main][main] INFO  o.s.t.c.s.AnnotationConfigContextLoaderUtils - Could not detect default configuration classes for test class [com.example.mybatisannotationdemo.mapper.MessageMapperTest]: MessageMapperTest does not declare any static, non-private, non-final, nested classes annotated with @Configuration.
2020-04-11 14:37:13.531[main][main] INFO  o.s.b.t.c.SpringBootTestContextBootstrapper - Found @SpringBootConfiguration com.example.mybatisannotationdemo.MybatisAnnotationDemoApplication for test class com.example.mybatisannotationdemo.mapper.MessageMapperTest
2020-04-11 14:37:13.656[main][main] INFO  o.s.b.t.c.SpringBootTestContextBootstrapper - Loaded default TestExecutionListener class names from location [META-INF/spring.factories]: [org.springframework.boot.test.mock.mockito.MockitoTestExecutionListener, org.springframework.boot.test.mock.mockito.ResetMocksTestExecutionListener, org.springframework.boot.test.autoconfigure.restdocs.RestDocsTestExecutionListener, org.springframework.boot.test.autoconfigure.web.client.MockRestServiceServerResetTestExecutionListener, org.springframework.boot.test.autoconfigure.web.servlet.MockMvcPrintOnlyOnFailureTestExecutionListener, org.springframework.boot.test.autoconfigure.web.servlet.WebDriverTestExecutionListener, org.springframework.test.context.web.ServletTestExecutionListener, org.springframework.test.context.support.DirtiesContextBeforeModesTestExecutionListener, org.springframework.test.context.support.DependencyInjectionTestExecutionListener, org.springframework.test.context.support.DirtiesContextTestExecutionListener, org.springframework.test.context.transaction.TransactionalTestExecutionListener, org.springframework.test.context.jdbc.SqlScriptsTestExecutionListener, org.springframework.test.context.event.EventPublishingTestExecutionListener]
2020-04-11 14:37:13.671[main][main] INFO  o.s.b.t.c.SpringBootTestContextBootstrapper - Using TestExecutionListeners: [org.springframework.test.context.support.DirtiesContextBeforeModesTestExecutionListener@3a62c01e, org.springframework.boot.test.mock.mockito.MockitoTestExecutionListener@7a8fa663, org.springframework.boot.test.autoconfigure.SpringBootDependencyInjectionTestExecutionListener@5ce33a58, org.springframework.test.context.support.DirtiesContextTestExecutionListener@78a287ed, org.springframework.test.context.transaction.TransactionalTestExecutionListener@546ccad7, org.springframework.test.context.jdbc.SqlScriptsTestExecutionListener@5357c287, org.springframework.test.context.event.EventPublishingTestExecutionListener@1623134f, org.springframework.boot.test.mock.mockito.ResetMocksTestExecutionListener@7a527389, org.springframework.boot.test.autoconfigure.restdocs.RestDocsTestExecutionListener@485a3466, org.springframework.boot.test.autoconfigure.web.client.MockRestServiceServerResetTestExecutionListener@25748410, org.springframework.boot.test.autoconfigure.web.servlet.MockMvcPrintOnlyOnFailureTestExecutionListener@2b43529a, org.springframework.boot.test.autoconfigure.web.servlet.WebDriverTestExecutionListener@4264b240]
2020-04-11 14:37:14.047[main][main] INFO  c.e.m.mapper.MessageMapperTest - Starting MessageMapperTest on DESKTOP-914F8O2 with PID 14760 (started by Lenovo in E:\dev\charpter07\mybatis-annotation-demo)
2020-04-11 14:37:14.047[main][main] DEBUG c.e.m.mapper.MessageMapperTest - Running with Spring Boot v2.2.6.RELEASE, Spring v5.2.5.RELEASE
2020-04-11 14:37:14.048[main][main] INFO  c.e.m.mapper.MessageMapperTest - No active profile set, falling back to default profiles: default
2020-04-11 14:37:14.592[main][main] DEBUG org.apache.ibatis.logging.LogFactory - Logging initialized using 'class org.apache.ibatis.logging.slf4j.Slf4jImpl' adapter.
2020-04-11 14:37:15.267[main][main] INFO  c.e.m.mapper.MessageMapperTest - Started MessageMapperTest in 1.554 seconds (JVM running for 2.973)
2020-04-11 14:37:15.610[main][main] INFO  com.zaxxer.hikari.HikariDataSource - HikariPool-1 - Starting...
2020-04-11 14:37:16.525[main][main] INFO  com.zaxxer.hikari.HikariDataSource - HikariPool-1 - Start completed.
2020-04-11 14:37:16.539[main][main] DEBUG c.e.m.mapper.MessageMapper.insert - ==>  Preparing: insert into message(msg_text, msg_summary) values(?, ?) 
2020-04-11 14:37:16.579[main][main] DEBUG c.e.m.mapper.MessageMapper.insert - ==> Parameters: niit(String), 学校(String)
2020-04-11 14:37:16.599[main][main] DEBUG c.e.m.mapper.MessageMapper.insert - <==    Updates: 1
2020-04-11 14:37:16.600[main][main] INFO  c.e.m.mapper.MessageMapperTest - 插入的数据条数： 1
2020-04-11 14:37:16.690[main][main] DEBUG c.e.m.m.MessageMapper.batchInsert - ==>  Preparing: insert into message(msg_text, msg_summary) values (?, ?) , (?, ?) 
2020-04-11 14:37:16.691[main][main] DEBUG c.e.m.m.MessageMapper.batchInsert - ==> Parameters: apple(String), 水果(String), orange(String), 水果(String)
2020-04-11 14:37:16.704[main][main] DEBUG c.e.m.m.MessageMapper.batchInsert - <==    Updates: 2
2020-04-11 14:37:16.706[main][main] INFO  c.e.m.mapper.MessageMapperTest - 插入的数据条数： 2
2020-04-11 14:37:16.716[main][main] DEBUG c.e.m.mapper.MessageMapper.selectAll - ==>  Preparing: select * from message 
2020-04-11 14:37:16.717[main][main] DEBUG c.e.m.mapper.MessageMapper.selectAll - ==> Parameters: 
2020-04-11 14:37:16.763[main][main] DEBUG c.e.m.mapper.MessageMapper.selectAll - <==      Total: 5
2020-04-11 14:37:16.773[main][main] INFO  c.e.m.mapper.MessageMapperTest - 查询的数据： Message(msgId=2, msgText=computer, msgSummary=水果)
2020-04-11 14:37:16.774[main][main] INFO  c.e.m.mapper.MessageMapperTest - 查询的数据： Message(msgId=3, msgText=orange, msgSummary=水果)
2020-04-11 14:37:16.774[main][main] INFO  c.e.m.mapper.MessageMapperTest - 查询的数据： Message(msgId=4, msgText=niit, msgSummary=学校)
2020-04-11 14:37:16.774[main][main] INFO  c.e.m.mapper.MessageMapperTest - 查询的数据： Message(msgId=5, msgText=apple, msgSummary=水果)
2020-04-11 14:37:16.775[main][main] INFO  c.e.m.mapper.MessageMapperTest - 查询的数据： Message(msgId=6, msgText=orange, msgSummary=水果)
2020-04-11 14:37:16.782[main][main] DEBUG c.e.m.mapper.MessageMapper.update - ==>  Preparing: update message SET msg_text=?, msg_summary=? where msg_id=? 
2020-04-11 14:37:16.783[main][main] DEBUG c.e.m.mapper.MessageMapper.update - ==> Parameters: computer(String), 学校(String), 1(Integer)
2020-04-11 14:37:16.784[main][main] DEBUG c.e.m.mapper.MessageMapper.update - <==    Updates: 0
2020-04-11 14:37:16.784[main][main] INFO  c.e.m.mapper.MessageMapperTest - 更新的数据条数： 0
2020-04-11 14:37:16.791[main][main] DEBUG c.e.m.m.MessageMapper.updateText - ==>  Preparing: update message SET msg_text=? where msg_id=? 
2020-04-11 14:37:16.792[main][main] DEBUG c.e.m.m.MessageMapper.updateText - ==> Parameters: computer(String), 2(Integer)
2020-04-11 14:37:16.793[main][main] DEBUG c.e.m.m.MessageMapper.updateText - <==    Updates: 1
2020-04-11 14:37:16.793[main][main] INFO  c.e.m.mapper.MessageMapperTest - 更新Text的数据条数： 1
2020-04-11 14:37:16.798[main][main] DEBUG c.e.m.m.MessageMapper.selectById - ==>  Preparing: select * from message where msg_id=? 
2020-04-11 14:37:16.798[main][main] DEBUG c.e.m.m.MessageMapper.selectById - ==> Parameters: 1(Integer)
2020-04-11 14:37:16.799[main][main] DEBUG c.e.m.m.MessageMapper.selectById - <==      Total: 0
2020-04-11 14:37:16.799[main][main] INFO  c.e.m.mapper.MessageMapperTest - id为1的数据： null
2020-04-11 14:37:16.806[main][main] DEBUG c.e.m.mapper.MessageMapper.delete - ==>  Preparing: delete from message where msg_id=? 
2020-04-11 14:37:16.807[main][main] DEBUG c.e.m.mapper.MessageMapper.delete - ==> Parameters: 1(Integer)
2020-04-11 14:37:16.809[main][main] DEBUG c.e.m.mapper.MessageMapper.delete - <==    Updates: 0
2020-04-11 14:37:16.810[main][main] INFO  c.e.m.mapper.MessageMapperTest - 删除的数据条数： 0
2020-04-11 14:37:16.825[main][main] DEBUG c.e.m.mapper.MessageMapper.getCount - ==>  Preparing: SELECT count(1) FROM message WHERE (msg_summary=?) 
2020-04-11 14:37:16.826[main][main] DEBUG c.e.m.mapper.MessageMapper.getCount - ==> Parameters: 水果(String)
2020-04-11 14:37:16.827[main][main] DEBUG c.e.m.mapper.MessageMapper.getCount - <==      Total: 1
2020-04-11 14:37:16.827[main][main] INFO  c.e.m.mapper.MessageMapperTest - count ---- , 4
2020-04-11 14:37:16.833[main][main] DEBUG c.e.m.m.M.selectByTextAndSummary - ==>  Preparing: select * from message where msg_text=? or msg_summary=? 
2020-04-11 14:37:16.833[main][main] DEBUG c.e.m.m.M.selectByTextAndSummary - ==> Parameters: apple(String), 院系(String)
2020-04-11 14:37:16.835[main][main] DEBUG c.e.m.m.M.selectByTextAndSummary - <==      Total: 1
2020-04-11 14:37:16.839[main][main] INFO  c.e.m.mapper.MessageMapperTest - Message(msgId=5, msgText=apple, msgSummary=水果)
2020-04-11 14:37:16.847[main][main] DEBUG c.e.m.m.MessageMapper.selectMessages - ==>  Preparing: SELECT * FROM message WHERE (1=1 AND msg_summary=?) ORDER BY msg_id LIMIT 3 OFFSET 0 
2020-04-11 14:37:16.849[main][main] DEBUG c.e.m.m.MessageMapper.selectMessages - ==> Parameters: 水果(String)
2020-04-11 14:37:16.852[main][main] DEBUG c.e.m.m.MessageMapper.selectMessages - <==      Total: 3
2020-04-11 14:37:16.855[main][main] DEBUG c.e.m.mapper.MessageMapper.getCount - ==>  Preparing: SELECT count(1) FROM message WHERE (msg_summary=?) 
2020-04-11 14:37:16.856[main][main] DEBUG c.e.m.mapper.MessageMapper.getCount - ==> Parameters: 水果(String)
2020-04-11 14:37:16.858[main][main] DEBUG c.e.m.mapper.MessageMapper.getCount - <==      Total: 1
2020-04-11 14:37:16.858[main][main] INFO  c.e.m.mapper.MessageMapperTest - page = Page(currentPage=0, totalPage=2, totalNumber=4, datas=[Message(msgId=2, msgText=computer, msgSummary=水果), Message(msgId=3, msgText=orange, msgSummary=水果), Message(msgId=5, msgText=apple, msgSummary=水果)])
2020-04-11 14:37:16.869[SpringContextShutdownHook][SpringContextShutdownHook] INFO  com.zaxxer.hikari.HikariDataSource - HikariPool-1 - Shutdown initiated...
2020-04-11 14:37:16.891[SpringContextShutdownHook][SpringContextShutdownHook] INFO  com.zaxxer.hikari.HikariDataSource - HikariPool-1 - Shutdown completed.
2020-04-11 14:39:59.536[main][main] INFO  o.s.b.t.c.SpringBootTestContextBootstrapper - Neither @ContextConfiguration nor @ContextHierarchy found for test class [com.example.mybatisannotationdemo.mapper.MessageMapperTest], using SpringBootContextLoader
2020-04-11 14:39:59.544[main][main] INFO  o.s.t.c.s.AbstractContextLoader - Could not detect default resource locations for test class [com.example.mybatisannotationdemo.mapper.MessageMapperTest]: no resource found for suffixes {-context.xml, Context.groovy}.
2020-04-11 14:39:59.545[main][main] INFO  o.s.t.c.s.AnnotationConfigContextLoaderUtils - Could not detect default configuration classes for test class [com.example.mybatisannotationdemo.mapper.MessageMapperTest]: MessageMapperTest does not declare any static, non-private, non-final, nested classes annotated with @Configuration.
2020-04-11 14:39:59.675[main][main] INFO  o.s.b.t.c.SpringBootTestContextBootstrapper - Found @SpringBootConfiguration com.example.mybatisannotationdemo.MybatisAnnotationDemoApplication for test class com.example.mybatisannotationdemo.mapper.MessageMapperTest
2020-04-11 14:39:59.796[main][main] INFO  o.s.b.t.c.SpringBootTestContextBootstrapper - Loaded default TestExecutionListener class names from location [META-INF/spring.factories]: [org.springframework.boot.test.mock.mockito.MockitoTestExecutionListener, org.springframework.boot.test.mock.mockito.ResetMocksTestExecutionListener, org.springframework.boot.test.autoconfigure.restdocs.RestDocsTestExecutionListener, org.springframework.boot.test.autoconfigure.web.client.MockRestServiceServerResetTestExecutionListener, org.springframework.boot.test.autoconfigure.web.servlet.MockMvcPrintOnlyOnFailureTestExecutionListener, org.springframework.boot.test.autoconfigure.web.servlet.WebDriverTestExecutionListener, org.springframework.test.context.web.ServletTestExecutionListener, org.springframework.test.context.support.DirtiesContextBeforeModesTestExecutionListener, org.springframework.test.context.support.DependencyInjectionTestExecutionListener, org.springframework.test.context.support.DirtiesContextTestExecutionListener, org.springframework.test.context.transaction.TransactionalTestExecutionListener, org.springframework.test.context.jdbc.SqlScriptsTestExecutionListener, org.springframework.test.context.event.EventPublishingTestExecutionListener]
2020-04-11 14:39:59.819[main][main] INFO  o.s.b.t.c.SpringBootTestContextBootstrapper - Using TestExecutionListeners: [org.springframework.test.context.support.DirtiesContextBeforeModesTestExecutionListener@3a62c01e, org.springframework.boot.test.mock.mockito.MockitoTestExecutionListener@7a8fa663, org.springframework.boot.test.autoconfigure.SpringBootDependencyInjectionTestExecutionListener@5ce33a58, org.springframework.test.context.support.DirtiesContextTestExecutionListener@78a287ed, org.springframework.test.context.transaction.TransactionalTestExecutionListener@546ccad7, org.springframework.test.context.jdbc.SqlScriptsTestExecutionListener@5357c287, org.springframework.test.context.event.EventPublishingTestExecutionListener@1623134f, org.springframework.boot.test.mock.mockito.ResetMocksTestExecutionListener@7a527389, org.springframework.boot.test.autoconfigure.restdocs.RestDocsTestExecutionListener@485a3466, org.springframework.boot.test.autoconfigure.web.client.MockRestServiceServerResetTestExecutionListener@25748410, org.springframework.boot.test.autoconfigure.web.servlet.MockMvcPrintOnlyOnFailureTestExecutionListener@2b43529a, org.springframework.boot.test.autoconfigure.web.servlet.WebDriverTestExecutionListener@4264b240]
2020-04-11 14:40:00.157[main][main] INFO  c.e.m.mapper.MessageMapperTest - Starting MessageMapperTest on DESKTOP-914F8O2 with PID 3808 (started by Lenovo in E:\dev\charpter07\mybatis-annotation-demo)
2020-04-11 14:40:00.157[main][main] DEBUG c.e.m.mapper.MessageMapperTest - Running with Spring Boot v2.2.6.RELEASE, Spring v5.2.5.RELEASE
2020-04-11 14:40:00.157[main][main] INFO  c.e.m.mapper.MessageMapperTest - No active profile set, falling back to default profiles: default
2020-04-11 14:40:00.674[main][main] DEBUG org.apache.ibatis.logging.LogFactory - Logging initialized using 'class org.apache.ibatis.logging.slf4j.Slf4jImpl' adapter.
2020-04-11 14:40:01.342[main][main] INFO  c.e.m.mapper.MessageMapperTest - Started MessageMapperTest in 1.487 seconds (JVM running for 2.897)
2020-04-11 14:40:01.715[main][main] INFO  com.zaxxer.hikari.HikariDataSource - HikariPool-1 - Starting...
2020-04-11 14:40:02.474[main][main] INFO  com.zaxxer.hikari.HikariDataSource - HikariPool-1 - Start completed.
2020-04-11 14:40:02.485[main][main] DEBUG c.e.m.mapper.MessageMapper.insert - ==>  Preparing: insert into message(msg_text, msg_summary) values(?, ?) 
2020-04-11 14:40:02.524[main][main] DEBUG c.e.m.mapper.MessageMapper.insert - ==> Parameters: niit(String), 学校(String)
2020-04-11 14:40:02.555[main][main] DEBUG c.e.m.mapper.MessageMapper.insert - <==    Updates: 1
2020-04-11 14:40:02.557[main][main] INFO  c.e.m.mapper.MessageMapperTest - 插入的数据条数： 1
2020-04-11 14:40:02.638[main][main] DEBUG c.e.m.m.MessageMapper.batchInsert - ==>  Preparing: insert into message(msg_text, msg_summary) values (?, ?) , (?, ?) 
2020-04-11 14:40:02.640[main][main] DEBUG c.e.m.m.MessageMapper.batchInsert - ==> Parameters: apple(String), 水果(String), orange(String), 水果(String)
2020-04-11 14:40:02.661[main][main] DEBUG c.e.m.m.MessageMapper.batchInsert - <==    Updates: 2
2020-04-11 14:40:02.661[main][main] INFO  c.e.m.mapper.MessageMapperTest - 插入的数据条数： 2
2020-04-11 14:40:02.673[main][main] DEBUG c.e.m.mapper.MessageMapper.selectAll - ==>  Preparing: select * from message 
2020-04-11 14:40:02.673[main][main] DEBUG c.e.m.mapper.MessageMapper.selectAll - ==> Parameters: 
2020-04-11 14:40:02.722[main][main] DEBUG c.e.m.mapper.MessageMapper.selectAll - <==      Total: 3
2020-04-11 14:40:02.726[main][main] INFO  c.e.m.mapper.MessageMapperTest - 查询的数据： Message(msgId=1, msgText=niit, msgSummary=学校)
2020-04-11 14:40:02.727[main][main] INFO  c.e.m.mapper.MessageMapperTest - 查询的数据： Message(msgId=2, msgText=apple, msgSummary=水果)
2020-04-11 14:40:02.727[main][main] INFO  c.e.m.mapper.MessageMapperTest - 查询的数据： Message(msgId=3, msgText=orange, msgSummary=水果)
2020-04-11 14:40:02.742[main][main] DEBUG c.e.m.mapper.MessageMapper.update - ==>  Preparing: update message SET msg_text=?, msg_summary=? where msg_id=? 
2020-04-11 14:40:02.743[main][main] DEBUG c.e.m.mapper.MessageMapper.update - ==> Parameters: computer(String), 学校(String), 1(Integer)
2020-04-11 14:40:02.751[main][main] DEBUG c.e.m.mapper.MessageMapper.update - <==    Updates: 1
2020-04-11 14:40:02.752[main][main] INFO  c.e.m.mapper.MessageMapperTest - 更新的数据条数： 1
2020-04-11 14:40:02.756[main][main] DEBUG c.e.m.m.MessageMapper.updateText - ==>  Preparing: update message SET msg_text=? where msg_id=? 
2020-04-11 14:40:02.757[main][main] DEBUG c.e.m.m.MessageMapper.updateText - ==> Parameters: computer(String), 2(Integer)
2020-04-11 14:40:02.767[main][main] DEBUG c.e.m.m.MessageMapper.updateText - <==    Updates: 1
2020-04-11 14:40:02.769[main][main] INFO  c.e.m.mapper.MessageMapperTest - 更新Text的数据条数： 1
2020-04-11 14:40:02.778[main][main] DEBUG c.e.m.m.MessageMapper.selectById - ==>  Preparing: select * from message where msg_id=? 
2020-04-11 14:40:02.778[main][main] DEBUG c.e.m.m.MessageMapper.selectById - ==> Parameters: 1(Integer)
2020-04-11 14:40:02.780[main][main] DEBUG c.e.m.m.MessageMapper.selectById - <==      Total: 1
2020-04-11 14:40:02.780[main][main] INFO  c.e.m.mapper.MessageMapperTest - id为1的数据： Message(msgId=1, msgText=computer, msgSummary=学校)
2020-04-11 14:40:02.789[main][main] DEBUG c.e.m.mapper.MessageMapper.delete - ==>  Preparing: delete from message where msg_id=? 
2020-04-11 14:40:02.789[main][main] DEBUG c.e.m.mapper.MessageMapper.delete - ==> Parameters: 1(Integer)
2020-04-11 14:40:02.798[main][main] DEBUG c.e.m.mapper.MessageMapper.delete - <==    Updates: 1
2020-04-11 14:40:02.798[main][main] INFO  c.e.m.mapper.MessageMapperTest - 删除的数据条数： 1
2020-04-11 14:40:02.810[main][main] DEBUG c.e.m.mapper.MessageMapper.getCount - ==>  Preparing: SELECT count(1) FROM message WHERE (msg_summary=?) 
2020-04-11 14:40:02.811[main][main] DEBUG c.e.m.mapper.MessageMapper.getCount - ==> Parameters: 水果(String)
2020-04-11 14:40:02.812[main][main] DEBUG c.e.m.mapper.MessageMapper.getCount - <==      Total: 1
2020-04-11 14:40:02.812[main][main] INFO  c.e.m.mapper.MessageMapperTest - count ---- , 2
2020-04-11 14:40:02.817[main][main] DEBUG c.e.m.m.M.selectByTextAndSummary - ==>  Preparing: select * from message where msg_text=? or msg_summary=? 
2020-04-11 14:40:02.819[main][main] DEBUG c.e.m.m.M.selectByTextAndSummary - ==> Parameters: apple(String), 院系(String)
2020-04-11 14:40:02.820[main][main] DEBUG c.e.m.m.M.selectByTextAndSummary - <==      Total: 0
2020-04-11 14:40:02.825[main][main] DEBUG c.e.m.m.MessageMapper.selectMessages - ==>  Preparing: SELECT * FROM message WHERE (1=1 AND msg_summary=?) ORDER BY msg_id LIMIT 3 OFFSET 0 
2020-04-11 14:40:02.826[main][main] DEBUG c.e.m.m.MessageMapper.selectMessages - ==> Parameters: 水果(String)
2020-04-11 14:40:02.827[main][main] DEBUG c.e.m.m.MessageMapper.selectMessages - <==      Total: 2
2020-04-11 14:40:02.828[main][main] DEBUG c.e.m.mapper.MessageMapper.getCount - ==>  Preparing: SELECT count(1) FROM message WHERE (msg_summary=?) 
2020-04-11 14:40:02.828[main][main] DEBUG c.e.m.mapper.MessageMapper.getCount - ==> Parameters: 水果(String)
2020-04-11 14:40:02.829[main][main] DEBUG c.e.m.mapper.MessageMapper.getCount - <==      Total: 1
2020-04-11 14:40:02.829[main][main] INFO  c.e.m.mapper.MessageMapperTest - page = Page(currentPage=0, totalPage=1, totalNumber=2, datas=[Message(msgId=2, msgText=computer, msgSummary=水果), Message(msgId=3, msgText=orange, msgSummary=水果)])
2020-04-11 14:40:02.849[SpringContextShutdownHook][SpringContextShutdownHook] INFO  com.zaxxer.hikari.HikariDataSource - HikariPool-1 - Shutdown initiated...
2020-04-11 14:40:02.875[SpringContextShutdownHook][SpringContextShutdownHook] INFO  com.zaxxer.hikari.HikariDataSource - HikariPool-1 - Shutdown completed.
2020-04-11 14:40:21.716[main][main] INFO  o.s.b.t.c.SpringBootTestContextBootstrapper - Neither @ContextConfiguration nor @ContextHierarchy found for test class [com.example.mybatisannotationdemo.mapper.MessageMapperTest], using SpringBootContextLoader
2020-04-11 14:40:21.724[main][main] INFO  o.s.t.c.s.AbstractContextLoader - Could not detect default resource locations for test class [com.example.mybatisannotationdemo.mapper.MessageMapperTest]: no resource found for suffixes {-context.xml, Context.groovy}.
2020-04-11 14:40:21.727[main][main] INFO  o.s.t.c.s.AnnotationConfigContextLoaderUtils - Could not detect default configuration classes for test class [com.example.mybatisannotationdemo.mapper.MessageMapperTest]: MessageMapperTest does not declare any static, non-private, non-final, nested classes annotated with @Configuration.
2020-04-11 14:40:21.885[main][main] INFO  o.s.b.t.c.SpringBootTestContextBootstrapper - Found @SpringBootConfiguration com.example.mybatisannotationdemo.MybatisAnnotationDemoApplication for test class com.example.mybatisannotationdemo.mapper.MessageMapperTest
2020-04-11 14:40:22.033[main][main] INFO  o.s.b.t.c.SpringBootTestContextBootstrapper - Loaded default TestExecutionListener class names from location [META-INF/spring.factories]: [org.springframework.boot.test.mock.mockito.MockitoTestExecutionListener, org.springframework.boot.test.mock.mockito.ResetMocksTestExecutionListener, org.springframework.boot.test.autoconfigure.restdocs.RestDocsTestExecutionListener, org.springframework.boot.test.autoconfigure.web.client.MockRestServiceServerResetTestExecutionListener, org.springframework.boot.test.autoconfigure.web.servlet.MockMvcPrintOnlyOnFailureTestExecutionListener, org.springframework.boot.test.autoconfigure.web.servlet.WebDriverTestExecutionListener, org.springframework.test.context.web.ServletTestExecutionListener, org.springframework.test.context.support.DirtiesContextBeforeModesTestExecutionListener, org.springframework.test.context.support.DependencyInjectionTestExecutionListener, org.springframework.test.context.support.DirtiesContextTestExecutionListener, org.springframework.test.context.transaction.TransactionalTestExecutionListener, org.springframework.test.context.jdbc.SqlScriptsTestExecutionListener, org.springframework.test.context.event.EventPublishingTestExecutionListener]
2020-04-11 14:40:22.051[main][main] INFO  o.s.b.t.c.SpringBootTestContextBootstrapper - Using TestExecutionListeners: [org.springframework.test.context.support.DirtiesContextBeforeModesTestExecutionListener@4721d212, org.springframework.boot.test.mock.mockito.MockitoTestExecutionListener@1b065145, org.springframework.boot.test.autoconfigure.SpringBootDependencyInjectionTestExecutionListener@45cff11c, org.springframework.test.context.support.DirtiesContextTestExecutionListener@207ea13, org.springframework.test.context.transaction.TransactionalTestExecutionListener@4bff1903, org.springframework.test.context.jdbc.SqlScriptsTestExecutionListener@62dae540, org.springframework.test.context.event.EventPublishingTestExecutionListener@5827af16, org.springframework.boot.test.mock.mockito.ResetMocksTestExecutionListener@654d8173, org.springframework.boot.test.autoconfigure.restdocs.RestDocsTestExecutionListener@56c9bbd8, org.springframework.boot.test.autoconfigure.web.client.MockRestServiceServerResetTestExecutionListener@630cb4a4, org.springframework.boot.test.autoconfigure.web.servlet.MockMvcPrintOnlyOnFailureTestExecutionListener@636e8cc, org.springframework.boot.test.autoconfigure.web.servlet.WebDriverTestExecutionListener@f79a760]
2020-04-11 14:40:22.447[main][main] INFO  c.e.m.mapper.MessageMapperTest - Starting MessageMapperTest on DESKTOP-914F8O2 with PID 11148 (started by Lenovo in E:\dev\charpter07\mybatis-annotation-demo)
2020-04-11 14:40:22.448[main][main] DEBUG c.e.m.mapper.MessageMapperTest - Running with Spring Boot v2.2.6.RELEASE, Spring v5.2.5.RELEASE
2020-04-11 14:40:22.449[main][main] INFO  c.e.m.mapper.MessageMapperTest - No active profile set, falling back to default profiles: default
2020-04-11 14:40:22.871[main][main] DEBUG org.apache.ibatis.logging.LogFactory - Logging initialized using 'class org.apache.ibatis.logging.slf4j.Slf4jImpl' adapter.
2020-04-11 14:40:23.567[main][main] INFO  c.e.m.mapper.MessageMapperTest - Started MessageMapperTest in 1.468 seconds (JVM running for 3.323)
2020-04-11 14:40:23.928[main][main] INFO  com.zaxxer.hikari.HikariDataSource - HikariPool-1 - Starting...
2020-04-11 14:40:24.754[main][main] INFO  com.zaxxer.hikari.HikariDataSource - HikariPool-1 - Start completed.
2020-04-11 14:40:24.767[main][main] DEBUG c.e.m.mapper.MessageMapper.insert - ==>  Preparing: insert into message(msg_text, msg_summary) values(?, ?) 
2020-04-11 14:40:24.818[main][main] DEBUG c.e.m.mapper.MessageMapper.insert - ==> Parameters: niit(String), 学校(String)
2020-04-11 14:40:24.830[main][main] DEBUG c.e.m.mapper.MessageMapper.insert - <==    Updates: 1
2020-04-11 14:40:24.831[main][main] INFO  c.e.m.mapper.MessageMapperTest - 插入的数据条数： 1
2020-04-11 14:40:24.929[main][main] DEBUG c.e.m.m.MessageMapper.batchInsert - ==>  Preparing: insert into message(msg_text, msg_summary) values (?, ?) , (?, ?) 
2020-04-11 14:40:24.930[main][main] DEBUG c.e.m.m.MessageMapper.batchInsert - ==> Parameters: apple(String), 水果(String), orange(String), 水果(String)
2020-04-11 14:40:24.938[main][main] DEBUG c.e.m.m.MessageMapper.batchInsert - <==    Updates: 2
2020-04-11 14:40:24.939[main][main] INFO  c.e.m.mapper.MessageMapperTest - 插入的数据条数： 2
2020-04-11 14:40:24.949[main][main] DEBUG c.e.m.mapper.MessageMapper.selectAll - ==>  Preparing: select * from message 
2020-04-11 14:40:24.949[main][main] DEBUG c.e.m.mapper.MessageMapper.selectAll - ==> Parameters: 
2020-04-11 14:40:24.987[main][main] DEBUG c.e.m.mapper.MessageMapper.selectAll - <==      Total: 5
2020-04-11 14:40:24.994[main][main] INFO  c.e.m.mapper.MessageMapperTest - 查询的数据： Message(msgId=2, msgText=computer, msgSummary=水果)
2020-04-11 14:40:24.995[main][main] INFO  c.e.m.mapper.MessageMapperTest - 查询的数据： Message(msgId=3, msgText=orange, msgSummary=水果)
2020-04-11 14:40:24.995[main][main] INFO  c.e.m.mapper.MessageMapperTest - 查询的数据： Message(msgId=4, msgText=niit, msgSummary=学校)
2020-04-11 14:40:24.995[main][main] INFO  c.e.m.mapper.MessageMapperTest - 查询的数据： Message(msgId=5, msgText=apple, msgSummary=水果)
2020-04-11 14:40:24.995[main][main] INFO  c.e.m.mapper.MessageMapperTest - 查询的数据： Message(msgId=6, msgText=orange, msgSummary=水果)
2020-04-11 14:40:25.004[main][main] DEBUG c.e.m.mapper.MessageMapper.update - ==>  Preparing: update message SET msg_text=?, msg_summary=? where msg_id=? 
2020-04-11 14:40:25.005[main][main] DEBUG c.e.m.mapper.MessageMapper.update - ==> Parameters: computer(String), 学校(String), 1(Integer)
2020-04-11 14:40:25.006[main][main] DEBUG c.e.m.mapper.MessageMapper.update - <==    Updates: 0
2020-04-11 14:40:25.006[main][main] INFO  c.e.m.mapper.MessageMapperTest - 更新的数据条数： 0
2020-04-11 14:40:25.017[main][main] DEBUG c.e.m.m.MessageMapper.updateText - ==>  Preparing: update message SET msg_text=? where msg_id=? 
2020-04-11 14:40:25.017[main][main] DEBUG c.e.m.m.MessageMapper.updateText - ==> Parameters: computer(String), 2(Integer)
2020-04-11 14:40:25.019[main][main] DEBUG c.e.m.m.MessageMapper.updateText - <==    Updates: 1
2020-04-11 14:40:25.019[main][main] INFO  c.e.m.mapper.MessageMapperTest - 更新Text的数据条数： 1
2020-04-11 14:40:25.027[main][main] DEBUG c.e.m.m.MessageMapper.selectById - ==>  Preparing: select * from message where msg_id=? 
2020-04-11 14:40:25.029[main][main] DEBUG c.e.m.m.MessageMapper.selectById - ==> Parameters: 1(Integer)
2020-04-11 14:40:25.030[main][main] DEBUG c.e.m.m.MessageMapper.selectById - <==      Total: 0
2020-04-11 14:40:25.030[main][main] INFO  c.e.m.mapper.MessageMapperTest - id为1的数据： null
2020-04-11 14:40:25.035[main][main] DEBUG c.e.m.mapper.MessageMapper.delete - ==>  Preparing: delete from message where msg_id=? 
2020-04-11 14:40:25.035[main][main] DEBUG c.e.m.mapper.MessageMapper.delete - ==> Parameters: 1(Integer)
2020-04-11 14:40:25.036[main][main] DEBUG c.e.m.mapper.MessageMapper.delete - <==    Updates: 0
2020-04-11 14:40:25.037[main][main] INFO  c.e.m.mapper.MessageMapperTest - 删除的数据条数： 0
2020-04-11 14:40:25.051[main][main] DEBUG c.e.m.mapper.MessageMapper.getCount - ==>  Preparing: SELECT count(1) FROM message WHERE (msg_summary=?) 
2020-04-11 14:40:25.052[main][main] DEBUG c.e.m.mapper.MessageMapper.getCount - ==> Parameters: 水果(String)
2020-04-11 14:40:25.054[main][main] DEBUG c.e.m.mapper.MessageMapper.getCount - <==      Total: 1
2020-04-11 14:40:25.054[main][main] INFO  c.e.m.mapper.MessageMapperTest - count ---- , 4
2020-04-11 14:40:25.062[main][main] DEBUG c.e.m.m.M.selectByTextAndSummary - ==>  Preparing: select * from message where msg_text=? or msg_summary=? 
2020-04-11 14:40:25.063[main][main] DEBUG c.e.m.m.M.selectByTextAndSummary - ==> Parameters: apple(String), 院系(String)
2020-04-11 14:40:25.064[main][main] DEBUG c.e.m.m.M.selectByTextAndSummary - <==      Total: 1
2020-04-11 14:40:25.065[main][main] INFO  c.e.m.mapper.MessageMapperTest - Message(msgId=5, msgText=apple, msgSummary=水果)
2020-04-11 14:40:25.070[main][main] DEBUG c.e.m.m.MessageMapper.selectMessages - ==>  Preparing: SELECT * FROM message WHERE (1=1 AND msg_summary=?) ORDER BY msg_id LIMIT 3 OFFSET 0 
2020-04-11 14:40:25.070[main][main] DEBUG c.e.m.m.MessageMapper.selectMessages - ==> Parameters: 水果(String)
2020-04-11 14:40:25.072[main][main] DEBUG c.e.m.m.MessageMapper.selectMessages - <==      Total: 3
2020-04-11 14:40:25.073[main][main] DEBUG c.e.m.mapper.MessageMapper.getCount - ==>  Preparing: SELECT count(1) FROM message WHERE (msg_summary=?) 
2020-04-11 14:40:25.073[main][main] DEBUG c.e.m.mapper.MessageMapper.getCount - ==> Parameters: 水果(String)
2020-04-11 14:40:25.078[main][main] DEBUG c.e.m.mapper.MessageMapper.getCount - <==      Total: 1
2020-04-11 14:40:25.079[main][main] INFO  c.e.m.mapper.MessageMapperTest - page = Page(currentPage=0, totalPage=2, totalNumber=4, datas=[Message(msgId=2, msgText=computer, msgSummary=水果), Message(msgId=3, msgText=orange, msgSummary=水果), Message(msgId=5, msgText=apple, msgSummary=水果)])
2020-04-11 14:40:25.094[SpringContextShutdownHook][SpringContextShutdownHook] INFO  com.zaxxer.hikari.HikariDataSource - HikariPool-1 - Shutdown initiated...
2020-04-11 14:40:25.104[SpringContextShutdownHook][SpringContextShutdownHook] INFO  com.zaxxer.hikari.HikariDataSource - HikariPool-1 - Shutdown completed.
2020-04-11 14:40:53.160[main][main] INFO  o.s.b.t.c.SpringBootTestContextBootstrapper - Neither @ContextConfiguration nor @ContextHierarchy found for test class [com.example.mybatisannotationdemo.mapper.MessageMapperTest], using SpringBootContextLoader
2020-04-11 14:40:53.164[main][main] INFO  o.s.t.c.s.AbstractContextLoader - Could not detect default resource locations for test class [com.example.mybatisannotationdemo.mapper.MessageMapperTest]: no resource found for suffixes {-context.xml, Context.groovy}.
2020-04-11 14:40:53.165[main][main] INFO  o.s.t.c.s.AnnotationConfigContextLoaderUtils - Could not detect default configuration classes for test class [com.example.mybatisannotationdemo.mapper.MessageMapperTest]: MessageMapperTest does not declare any static, non-private, non-final, nested classes annotated with @Configuration.
2020-04-11 14:40:53.327[main][main] INFO  o.s.b.t.c.SpringBootTestContextBootstrapper - Found @SpringBootConfiguration com.example.mybatisannotationdemo.MybatisAnnotationDemoApplication for test class com.example.mybatisannotationdemo.mapper.MessageMapperTest
2020-04-11 14:40:53.519[main][main] INFO  o.s.b.t.c.SpringBootTestContextBootstrapper - Loaded default TestExecutionListener class names from location [META-INF/spring.factories]: [org.springframework.boot.test.mock.mockito.MockitoTestExecutionListener, org.springframework.boot.test.mock.mockito.ResetMocksTestExecutionListener, org.springframework.boot.test.autoconfigure.restdocs.RestDocsTestExecutionListener, org.springframework.boot.test.autoconfigure.web.client.MockRestServiceServerResetTestExecutionListener, org.springframework.boot.test.autoconfigure.web.servlet.MockMvcPrintOnlyOnFailureTestExecutionListener, org.springframework.boot.test.autoconfigure.web.servlet.WebDriverTestExecutionListener, org.springframework.test.context.web.ServletTestExecutionListener, org.springframework.test.context.support.DirtiesContextBeforeModesTestExecutionListener, org.springframework.test.context.support.DependencyInjectionTestExecutionListener, org.springframework.test.context.support.DirtiesContextTestExecutionListener, org.springframework.test.context.transaction.TransactionalTestExecutionListener, org.springframework.test.context.jdbc.SqlScriptsTestExecutionListener, org.springframework.test.context.event.EventPublishingTestExecutionListener]
2020-04-11 14:40:53.558[main][main] INFO  o.s.b.t.c.SpringBootTestContextBootstrapper - Using TestExecutionListeners: [org.springframework.test.context.support.DirtiesContextBeforeModesTestExecutionListener@4721d212, org.springframework.boot.test.mock.mockito.MockitoTestExecutionListener@1b065145, org.springframework.boot.test.autoconfigure.SpringBootDependencyInjectionTestExecutionListener@45cff11c, org.springframework.test.context.support.DirtiesContextTestExecutionListener@207ea13, org.springframework.test.context.transaction.TransactionalTestExecutionListener@4bff1903, org.springframework.test.context.jdbc.SqlScriptsTestExecutionListener@62dae540, org.springframework.test.context.event.EventPublishingTestExecutionListener@5827af16, org.springframework.boot.test.mock.mockito.ResetMocksTestExecutionListener@654d8173, org.springframework.boot.test.autoconfigure.restdocs.RestDocsTestExecutionListener@56c9bbd8, org.springframework.boot.test.autoconfigure.web.client.MockRestServiceServerResetTestExecutionListener@630cb4a4, org.springframework.boot.test.autoconfigure.web.servlet.MockMvcPrintOnlyOnFailureTestExecutionListener@636e8cc, org.springframework.boot.test.autoconfigure.web.servlet.WebDriverTestExecutionListener@f79a760]
2020-04-11 14:40:54.031[main][main] INFO  c.e.m.mapper.MessageMapperTest - Starting MessageMapperTest on DESKTOP-914F8O2 with PID 26376 (started by Lenovo in E:\dev\charpter07\mybatis-annotation-demo)
2020-04-11 14:40:54.032[main][main] DEBUG c.e.m.mapper.MessageMapperTest - Running with Spring Boot v2.2.6.RELEASE, Spring v5.2.5.RELEASE
2020-04-11 14:40:54.032[main][main] INFO  c.e.m.mapper.MessageMapperTest - No active profile set, falling back to default profiles: default
2020-04-11 14:40:54.643[main][main] DEBUG org.apache.ibatis.logging.LogFactory - Logging initialized using 'class org.apache.ibatis.logging.slf4j.Slf4jImpl' adapter.
2020-04-11 14:40:55.629[main][main] INFO  c.e.m.mapper.MessageMapperTest - Started MessageMapperTest in 2.027 seconds (JVM running for 3.817)
2020-04-11 14:40:56.046[main][main] INFO  com.zaxxer.hikari.HikariDataSource - HikariPool-1 - Starting...
2020-04-11 14:40:57.349[main][main] INFO  com.zaxxer.hikari.HikariDataSource - HikariPool-1 - Start completed.
2020-04-11 14:40:57.364[main][main] DEBUG c.e.m.mapper.MessageMapper.insert - ==>  Preparing: insert into message(msg_text, msg_summary) values(?, ?) 
2020-04-11 14:40:57.410[main][main] DEBUG c.e.m.mapper.MessageMapper.insert - ==> Parameters: niit(String), 学校(String)
2020-04-11 14:40:57.550[main][main] DEBUG c.e.m.mapper.MessageMapper.insert - <==    Updates: 1
2020-04-11 14:40:57.555[main][main] INFO  c.e.m.mapper.MessageMapperTest - 插入的数据条数： 1
2020-04-11 14:40:57.638[main][main] DEBUG c.e.m.m.MessageMapper.batchInsert - ==>  Preparing: insert into message(msg_text, msg_summary) values (?, ?) , (?, ?) 
2020-04-11 14:40:57.640[main][main] DEBUG c.e.m.m.MessageMapper.batchInsert - ==> Parameters: apple(String), 水果(String), orange(String), 水果(String)
2020-04-11 14:40:57.658[main][main] DEBUG c.e.m.m.MessageMapper.batchInsert - <==    Updates: 2
2020-04-11 14:40:57.658[main][main] INFO  c.e.m.mapper.MessageMapperTest - 插入的数据条数： 2
2020-04-11 14:40:57.663[main][main] DEBUG c.e.m.mapper.MessageMapper.selectAll - ==>  Preparing: select * from message 
2020-04-11 14:40:57.663[main][main] DEBUG c.e.m.mapper.MessageMapper.selectAll - ==> Parameters: 
2020-04-11 14:40:57.709[main][main] DEBUG c.e.m.mapper.MessageMapper.selectAll - <==      Total: 8
2020-04-11 14:40:57.714[main][main] INFO  c.e.m.mapper.MessageMapperTest - 查询的数据： Message(msgId=2, msgText=computer, msgSummary=水果)
2020-04-11 14:40:57.714[main][main] INFO  c.e.m.mapper.MessageMapperTest - 查询的数据： Message(msgId=3, msgText=orange, msgSummary=水果)
2020-04-11 14:40:57.714[main][main] INFO  c.e.m.mapper.MessageMapperTest - 查询的数据： Message(msgId=4, msgText=niit, msgSummary=学校)
2020-04-11 14:40:57.714[main][main] INFO  c.e.m.mapper.MessageMapperTest - 查询的数据： Message(msgId=5, msgText=apple, msgSummary=水果)
2020-04-11 14:40:57.714[main][main] INFO  c.e.m.mapper.MessageMapperTest - 查询的数据： Message(msgId=6, msgText=orange, msgSummary=水果)
2020-04-11 14:40:57.714[main][main] INFO  c.e.m.mapper.MessageMapperTest - 查询的数据： Message(msgId=7, msgText=niit, msgSummary=学校)
2020-04-11 14:40:57.715[main][main] INFO  c.e.m.mapper.MessageMapperTest - 查询的数据： Message(msgId=8, msgText=apple, msgSummary=水果)
2020-04-11 14:40:57.715[main][main] INFO  c.e.m.mapper.MessageMapperTest - 查询的数据： Message(msgId=9, msgText=orange, msgSummary=水果)
2020-04-11 14:40:57.723[main][main] DEBUG c.e.m.mapper.MessageMapper.update - ==>  Preparing: update message SET msg_text=?, msg_summary=? where msg_id=? 
2020-04-11 14:40:57.723[main][main] DEBUG c.e.m.mapper.MessageMapper.update - ==> Parameters: computer(String), 学校(String), 1(Integer)
2020-04-11 14:40:57.725[main][main] DEBUG c.e.m.mapper.MessageMapper.update - <==    Updates: 0
2020-04-11 14:40:57.725[main][main] INFO  c.e.m.mapper.MessageMapperTest - 更新的数据条数： 0
2020-04-11 14:40:57.729[main][main] DEBUG c.e.m.m.MessageMapper.updateText - ==>  Preparing: update message SET msg_text=? where msg_id=? 
2020-04-11 14:40:57.729[main][main] DEBUG c.e.m.m.MessageMapper.updateText - ==> Parameters: computer(String), 2(Integer)
2020-04-11 14:40:57.731[main][main] DEBUG c.e.m.m.MessageMapper.updateText - <==    Updates: 1
2020-04-11 14:40:57.731[main][main] INFO  c.e.m.mapper.MessageMapperTest - 更新Text的数据条数： 1
2020-04-11 14:40:57.737[main][main] DEBUG c.e.m.m.MessageMapper.selectById - ==>  Preparing: select * from message where msg_id=? 
2020-04-11 14:40:57.737[main][main] DEBUG c.e.m.m.MessageMapper.selectById - ==> Parameters: 1(Integer)
2020-04-11 14:40:57.740[main][main] DEBUG c.e.m.m.MessageMapper.selectById - <==      Total: 0
2020-04-11 14:40:57.743[main][main] INFO  c.e.m.mapper.MessageMapperTest - id为1的数据： null
2020-04-11 14:40:57.750[main][main] DEBUG c.e.m.mapper.MessageMapper.delete - ==>  Preparing: delete from message where msg_id=? 
2020-04-11 14:40:57.750[main][main] DEBUG c.e.m.mapper.MessageMapper.delete - ==> Parameters: 1(Integer)
2020-04-11 14:40:57.752[main][main] DEBUG c.e.m.mapper.MessageMapper.delete - <==    Updates: 0
2020-04-11 14:40:57.752[main][main] INFO  c.e.m.mapper.MessageMapperTest - 删除的数据条数： 0
2020-04-11 14:40:57.763[main][main] DEBUG c.e.m.mapper.MessageMapper.getCount - ==>  Preparing: SELECT count(1) FROM message WHERE (msg_summary=?) 
2020-04-11 14:40:57.763[main][main] DEBUG c.e.m.mapper.MessageMapper.getCount - ==> Parameters: 水果(String)
2020-04-11 14:40:57.764[main][main] DEBUG c.e.m.mapper.MessageMapper.getCount - <==      Total: 1
2020-04-11 14:40:57.764[main][main] INFO  c.e.m.mapper.MessageMapperTest - count ---- , 6
2020-04-11 14:40:57.768[main][main] DEBUG c.e.m.m.M.selectByTextAndSummary - ==>  Preparing: select * from message where msg_text=? or msg_summary=? 
2020-04-11 14:40:57.768[main][main] DEBUG c.e.m.m.M.selectByTextAndSummary - ==> Parameters: apple(String), 院系(String)
2020-04-11 14:40:57.770[main][main] DEBUG c.e.m.m.M.selectByTextAndSummary - <==      Total: 2
2020-04-11 14:40:57.772[main][main] INFO  c.e.m.mapper.MessageMapperTest - Message(msgId=5, msgText=apple, msgSummary=水果)
2020-04-11 14:40:57.772[main][main] INFO  c.e.m.mapper.MessageMapperTest - Message(msgId=8, msgText=apple, msgSummary=水果)
2020-04-11 14:40:57.780[main][main] DEBUG c.e.m.m.MessageMapper.selectMessages - ==>  Preparing: SELECT * FROM message WHERE (1=1 AND msg_summary=?) ORDER BY msg_id LIMIT 3 OFFSET 0 
2020-04-11 14:40:57.781[main][main] DEBUG c.e.m.m.MessageMapper.selectMessages - ==> Parameters: 水果(String)
2020-04-11 14:40:57.783[main][main] DEBUG c.e.m.m.MessageMapper.selectMessages - <==      Total: 3
2020-04-11 14:40:57.784[main][main] DEBUG c.e.m.mapper.MessageMapper.getCount - ==>  Preparing: SELECT count(1) FROM message WHERE (msg_summary=?) 
2020-04-11 14:40:57.784[main][main] DEBUG c.e.m.mapper.MessageMapper.getCount - ==> Parameters: 水果(String)
2020-04-11 14:40:57.785[main][main] DEBUG c.e.m.mapper.MessageMapper.getCount - <==      Total: 1
2020-04-11 14:40:57.785[main][main] INFO  c.e.m.mapper.MessageMapperTest - page = Page(currentPage=0, totalPage=2, totalNumber=6, datas=[Message(msgId=2, msgText=computer, msgSummary=水果), Message(msgId=3, msgText=orange, msgSummary=水果), Message(msgId=5, msgText=apple, msgSummary=水果)])
2020-04-11 14:40:57.798[SpringContextShutdownHook][SpringContextShutdownHook] INFO  com.zaxxer.hikari.HikariDataSource - HikariPool-1 - Shutdown initiated...
2020-04-11 14:40:57.865[SpringContextShutdownHook][SpringContextShutdownHook] INFO  com.zaxxer.hikari.HikariDataSource - HikariPool-1 - Shutdown completed.
